YuRead/Android/app/build/intermediates/manifest_merge_blame_file/debug/manifest-merger-blame-debug-report.txt
1<?xml version="1.0" encoding="utf-8"?>
2<manifest xmlns:android="http://schemas.android.com/apk/res/android"
3    package="com.yuyuereading"
4    android:versionCode="1"
5    android:versionName="1.0" >
6
7    <uses-sdk
8        android:minSdkVersion="19"
8-->src\main\AndroidManifest.xml
9        android:targetSdkVersion="27" />
9-->src\main\AndroidManifest.xml
10    <!-- 用于进行网络定位 -->
11    <uses-permission android:name="android.permission.ACCESS_COARSE_LOCATION" /> <!-- 用于访问GPS定位 -->
11-->src\main\AndroidManifest.xml:5:5-81
11-->src\main\AndroidManifest.xml:5:22-78
12    <uses-permission android:name="android.permission.ACCESS_FINE_LOCATION" /> <!-- 用于获取wifi的获取权限，wifi信息会用来进行网络定位 -->
12-->src\main\AndroidManifest.xml:6:5-79
12-->src\main\AndroidManifest.xml:6:22-76
13    <uses-permission android:name="android.permission.CHANGE_WIFI_STATE" /> <!-- 用于读取手机当前的状态 -->
13-->src\main\AndroidManifest.xml:7:5-76
13-->src\main\AndroidManifest.xml:7:22-73
14    <uses-permission android:name="android.permission.READ_PHONE_STATE" /> <!-- 用于申请调用A-GPS模块 -->
14-->src\main\AndroidManifest.xml:8:5-75
14-->src\main\AndroidManifest.xml:8:22-72
15    <uses-permission android:name="android.permission.ACCESS_LOCATION_EXTRA_COMMANDS" /> <!-- 用于申请获取蓝牙信息进行室内定位 -->
15-->src\main\AndroidManifest.xml:9:5-89
15-->src\main\AndroidManifest.xml:9:22-86
16    <uses-permission android:name="android.permission.BLUETOOTH" />
16-->src\main\AndroidManifest.xml:10:5-68
16-->src\main\AndroidManifest.xml:10:22-65
17    <uses-permission android:name="android.permission.BLUETOOTH_ADMIN" /> <!-- 允许联网 -->
17-->src\main\AndroidManifest.xml:11:5-74
17-->src\main\AndroidManifest.xml:11:22-71
18    <uses-permission android:name="android.permission.INTERNET" /> <!-- 获取GSM（2g）、WCDMA（联通3g）等网络状态的信息 -->
18-->src\main\AndroidManifest.xml:12:5-67
18-->src\main\AndroidManifest.xml:12:22-64
19    <uses-permission android:name="android.permission.ACCESS_NETWORK_STATE" /> <!-- 获取wifi网络状态的信息 -->
19-->src\main\AndroidManifest.xml:13:5-79
19-->src\main\AndroidManifest.xml:13:22-76
20    <uses-permission android:name="android.permission.ACCESS_WIFI_STATE" /> <!-- 保持CPU 运转，屏幕和键盘灯有可能是关闭的,用于文件上传和下载 -->
20-->src\main\AndroidManifest.xml:14:5-76
20-->src\main\AndroidManifest.xml:14:22-73
21    <uses-permission android:name="android.permission.WAKE_LOCK" /> <!-- 获取sd卡写的权限，用于文件上传和下载 -->
21-->src\main\AndroidManifest.xml:15:5-68
21-->src\main\AndroidManifest.xml:15:22-65
22    <uses-permission android:name="android.permission.WRITE_EXTERNAL_STORAGE" /> <!-- 允许读使用拍照 -->
22-->src\main\AndroidManifest.xml:16:5-81
22-->src\main\AndroidManifest.xml:16:22-78
23    <uses-permission android:name="android.permission.CAMERA" /> <!-- 加入外部存储设备的权限 -->
23-->src\main\AndroidManifest.xml:17:5-65
23-->src\main\AndroidManifest.xml:17:22-62
24    <uses-permission android:name="android.permission.READ_EXTERNAL_STORAGE" /> <!-- 允许打电话 -->
24-->src\main\AndroidManifest.xml:18:5-80
24-->src\main\AndroidManifest.xml:18:22-77
25    <uses-permission android:name="android.permission.CALL_PHONE" /> <!-- 允许振动 -->
25-->src\main\AndroidManifest.xml:19:5-69
25-->src\main\AndroidManifest.xml:19:22-66
26    <uses-permission android:name="android.permission.VIBRATE" />
26-->src\main\AndroidManifest.xml:20:5-66
26-->src\main\AndroidManifest.xml:20:22-63
27    <uses-permission android:name="android.permission.REQUEST_INSTALL_PACKAGES" />
27-->[com.qianwen:update-app:3.5.1] AndroidManifest.xml:15:5-83
27-->[com.qianwen:update-app:3.5.1] AndroidManifest.xml:15:22-80
28
29    <application
29-->src\main\AndroidManifest.xml:22:5-52:19
30        android:allowBackup="true"
30-->src\main\AndroidManifest.xml:23:9-35
31        android:debuggable="true"
32        android:icon="@mipmap/ic_launcher"
32-->src\main\AndroidManifest.xml:24:9-43
33        android:label="@string/app_name"
33-->src\main\AndroidManifest.xml:25:9-41
34        android:roundIcon="@mipmap/ic_launcher_round"
34-->src\main\AndroidManifest.xml:26:9-54
35        android:supportsRtl="true"
35-->src\main\AndroidManifest.xml:27:9-35
36        android:theme="@style/AppTheme" >
36-->src\main\AndroidManifest.xml:28:9-40
37        <activity android:name="com.yuyuereading.Presenter.activity.MainActivity" />
37-->src\main\AndroidManifest.xml:29:9-69
37-->src\main\AndroidManifest.xml:29:19-66
38        <activity android:name="com.yuyuereading.Presenter.activity.LoginActivity" />
38-->src\main\AndroidManifest.xml:30:9-70
38-->src\main\AndroidManifest.xml:30:19-67
39        <activity android:name="com.yuyuereading.Presenter.activity.StartActivity" >
39-->src\main\AndroidManifest.xml:31:9-37:20
39-->src\main\AndroidManifest.xml:31:19-67
40            <intent-filter>
40-->src\main\AndroidManifest.xml:32:13-36:29
41                <action android:name="android.intent.action.MAIN" />
41-->src\main\AndroidManifest.xml:33:17-69
41-->src\main\AndroidManifest.xml:33:25-66
42
43                <category android:name="android.intent.category.LAUNCHER" />
43-->src\main\AndroidManifest.xml:35:17-77
43-->src\main\AndroidManifest.xml:35:27-74
44            </intent-filter>
45        </activity>
46        <activity android:name="com.yuyuereading.Presenter.activity.PermissionsActivity" />
46-->src\main\AndroidManifest.xml:38:9-76
46-->src\main\AndroidManifest.xml:38:19-73
47        <activity android:name="com.yuyuereading.Presenter.activity.BookInfoActivity" />
47-->src\main\AndroidManifest.xml:39:9-73
47-->src\main\AndroidManifest.xml:39:19-70
48        <activity android:name="com.yuyuereading.Presenter.activity.WantReadActivity" />
48-->src\main\AndroidManifest.xml:40:9-73
48-->src\main\AndroidManifest.xml:40:19-70
49        <activity android:name="com.yuyuereading.Presenter.activity.ReadingActivity" />
49-->src\main\AndroidManifest.xml:41:9-72
49-->src\main\AndroidManifest.xml:41:19-69
50        <activity android:name="com.yuyuereading.Presenter.activity.SeenActivity" />
50-->src\main\AndroidManifest.xml:42:9-69
50-->src\main\AndroidManifest.xml:42:19-66
51        <activity android:name="com.yuyuereading.Presenter.activity.ScanISBN" />
51-->src\main\AndroidManifest.xml:43:9-65
51-->src\main\AndroidManifest.xml:43:19-62
52        <activity android:name="com.yuyuereading.Presenter.activity.UserInfoActivity" />
52-->src\main\AndroidManifest.xml:44:9-73
52-->src\main\AndroidManifest.xml:44:19-70
53        <activity android:name="com.yuyuereading.Presenter.activity.CommentActivity" />
53-->src\main\AndroidManifest.xml:45:9-71
53-->src\main\AndroidManifest.xml:45:19-69
54
55        <service android:name="com.amap.api.location.APSService" />
55-->src\main\AndroidManifest.xml:47:9-68
55-->src\main\AndroidManifest.xml:47:18-65
56
57        <meta-data
57-->src\main\AndroidManifest.xml:49:9-51:64
58            android:name="com.amap.api.v2.apikey"
58-->src\main\AndroidManifest.xml:50:13-50
59            android:value="914bc3115d9eb1dcddca2317585d71f6" />
59-->src\main\AndroidManifest.xml:51:13-61
60
61        <activity
61-->[cn.yipianfengye.android:zxing-library:2.2] AndroidManifest.xml:12:9-17:63
62            android:name="com.uuzuche.lib_zxing.activity.CaptureActivity"
62-->[cn.yipianfengye.android:zxing-library:2.2] AndroidManifest.xml:13:13-74
63            android:configChanges="orientation|keyboardHidden"
63-->[cn.yipianfengye.android:zxing-library:2.2] AndroidManifest.xml:14:13-63
64            android:screenOrientation="portrait"
64-->[cn.yipianfengye.android:zxing-library:2.2] AndroidManifest.xml:15:13-49
65            android:theme="@style/Theme.AppCompat.NoActionBar"
65-->[cn.yipianfengye.android:zxing-library:2.2] AndroidManifest.xml:16:13-63
66            android:windowSoftInputMode="stateAlwaysHidden" />
66-->[cn.yipianfengye.android:zxing-library:2.2] AndroidManifest.xml:17:13-60
67        <activity
67-->[com.jhworks.library:ImageSelect:1.1.1] AndroidManifest.xml:18:9-20:62
68            android:name="com.jhworks.library.ui.ImageSelectActivity"
68-->[com.jhworks.library:ImageSelect:1.1.1] AndroidManifest.xml:19:13-70
69            android:configChanges="orientation|screenSize" />
69-->[com.jhworks.library:ImageSelect:1.1.1] AndroidManifest.xml:20:13-59
70        <activity
70-->[com.jhworks.library:ImageSelect:1.1.1] AndroidManifest.xml:21:9-23:62
71            android:name="com.jhworks.library.ui.ImageActivity"
71-->[com.jhworks.library:ImageSelect:1.1.1] AndroidManifest.xml:22:13-64
72            android:configChanges="orientation|screenSize" />
72-->[com.jhworks.library:ImageSelect:1.1.1] AndroidManifest.xml:23:13-59
73
74        <service android:name="com.vector.update_app.service.DownloadService" />
74-->[com.qianwen:update-app:3.5.1] AndroidManifest.xml:18:9-81
74-->[com.qianwen:update-app:3.5.1] AndroidManifest.xml:18:18-78
75
76        <provider
76-->[com.qianwen:update-app:3.5.1] AndroidManifest.xml:20:9-28:20
77            android:name="com.vector.update_app.UpdateFileProvider"
77-->[com.qianwen:update-app:3.5.1] AndroidManifest.xml:21:13-68
78            android:authorities="com.yuyuereading.fileProvider"
78-->[com.qianwen:update-app:3.5.1] AndroidManifest.xml:22:13-64
79            android:exported="false"
79-->[com.qianwen:update-app:3.5.1] AndroidManifest.xml:23:13-37
80            android:grantUriPermissions="true" >
80-->[com.qianwen:update-app:3.5.1] AndroidManifest.xml:24:13-47
81            <meta-data
81-->[com.qianwen:update-app:3.5.1] AndroidManifest.xml:25:13-27:62
82                android:name="android.support.FILE_PROVIDER_PATHS"
82-->[com.qianwen:update-app:3.5.1] AndroidManifest.xml:26:17-67
83                android:resource="@xml/new_app_file_paths" />
83-->[com.qianwen:update-app:3.5.1] AndroidManifest.xml:27:17-59
84        </provider>
85    </application>
86
87</manifest>